make all --print-data-base --no-builtin-variables --no-builtin-rules --question
make: *** No rule to make target 'all'.  Stop.

# GNU Make 4.3
# Built for x86_64-pc-linux-gnu
# Copyright (C) 1988-2020 Free Software Foundation, Inc.
# License GPLv3+: GNU GPL version 3 or later <http://gnu.org/licenses/gpl.html>
# This is free software: you are free to change and redistribute it.
# There is NO WARRANTY, to the extent permitted by law.

# Make data base, printed on Wed May 25 16:49:24 2022

# Variables

# makefile (from 'Makefile', line 325)
WEBSUB := https://6828.scripts.mit.edu/2020/handin.py
# environment
GDK_BACKEND = x11
# makefile (from 'Makefile', line 82)
AS = $(TOOLPREFIX)gas
# environment
LC_ALL = C
# environment
GNOME_SHELL_SESSION_MODE = ubuntu
# environment
SSH_AGENT_LAUNCHER = gnome-keyring
# makefile (from 'Makefile', line 91)
XCFLAGS = -DSOL_$(LABUPPER) -DLAB_$(LABUPPER)
# makefile (from 'Makefile', line 261)
QEMUGDB = $(shell if $(QEMU) -help | grep -q '^-gdb'; then echo "-gdb tcp::$(GDBPORT)"; else echo "-s -p $(GDBPORT)"; fi)
# makefile (from 'Makefile', line 132)
ULIB = $U/ulib.o $U/usys.o $U/printf.o $U/umalloc.o $U/statistics.o
# environment
GJS_DEBUG_OUTPUT = stderr
# environment
VSCODE_IPC_HOOK_EXTHOST = /run/user/1000/vscode-ipc-f1f1677d-f761-4d08-9352-bb0bc8d2a689.sock
# makefile (from 'Makefile', line 259)
GDBPORT = $(shell expr `id -u` % 5000 + 25000)
# environment
LC_NAME = zh_CN.UTF-8
# environment
LC_NUMERIC = zh_CN.UTF-8
# environment
VSCODE_CWD = /home/guang
# environment
LC_ADDRESS = zh_CN.UTF-8
# default
MAKE_COMMAND := make
# environment
QT_ACCESSIBILITY = 1
# environment
GOPATH = /home/guang/go
# automatic
@D = $(patsubst %/,%,$(dir $@))
# makefile (from 'Makefile', line 8)
K = kernel
# environment
VSCODE_HANDLES_UNCAUGHT_ERRORS = true
# default
.VARIABLES := 
# environment
PWD = /home/guang/oswork/xv6-labs-2020
# automatic
%D = $(patsubst %/,%,$(dir $%))
# makefile (from 'conf/lab.mk', line 1)
LAB = lock
# environment
XDG_DATA_DIRS = /usr/share/ubuntu:/usr/local/share/:/usr/share/:/var/lib/snapd/desktop
# automatic
^D = $(patsubst %/,%,$(dir $^))
# environment
VSCODE_LOG_STACK = false
# automatic
%F = $(notdir $%)
# environment
VSCODE_CODE_CACHE_PATH = /home/guang/.config/Code/CachedData/c3511e6c69bb39013c4a4b7b9566ec1ca73fc4d5
# environment
LANG = C
# environment
XAUTHORITY = /run/user/1000/.mutter-Xwaylandauth.AF7PM1
# default
.LOADED := 
# default
.INCLUDE_DIRS = /usr/local/include /usr/include /usr/include
# makefile
MAKEFLAGS = pqrR
# makefile
CURDIR := /home/guang/oswork/xv6-labs-2020
# environment
VSCODE_PIPE_LOGGING = true
# environment
APPLICATION_INSIGHTS_NO_DIAGNOSTIC_CHANNEL = 1
# environment
LESSOPEN = | /usr/bin/lesspipe %s
# automatic
*D = $(patsubst %/,%,$(dir $*))
# environment
MFLAGS = -pqrR
# environment
SSH_AUTH_SOCK = /run/user/1000/keyring/ssh
# default
.SHELLFLAGS := -c
# makefile (from 'Makefile', line 357)
UPSTREAM := origin
# environment
WAYLAND_DISPLAY = wayland-0
# environment
XDG_CONFIG_DIRS = /etc/xdg/xdg-ubuntu:/etc/xdg
# automatic
+D = $(patsubst %/,%,$(dir $+))
# environment
XDG_SESSION_DESKTOP = ubuntu
# makefile (from 'conf/lab.mk', line 1)
MAKEFILE_LIST := Makefile conf/lab.mk
# automatic
@F = $(notdir $@)
# environment
VSCODE_VERBOSE_LOGGING = true
# environment
VSCODE_PID = 2967
# environment
XDG_SESSION_TYPE = wayland
# automatic
?D = $(patsubst %/,%,$(dir $?))
# makefile (from 'Makefile', line 271)
FWDPORT = $(shell expr `id -u` % 5000 + 25999)
# makefile (from 'Makefile', line 90)
LABUPPER = $(shell echo $(LAB) | tr a-z A-Z)
# environment
SESSION_MANAGER = local/ubuntu:@/tmp/.ICE-unix/1618,unix/ubuntu:/tmp/.ICE-unix/1618
# automatic
*F = $(notdir $*)
# environment
CHROME_DESKTOP = code-url-handler.desktop
# environment
DBUS_SESSION_BUS_ADDRESS = unix:path=/run/user/1000/bus
# automatic
<D = $(patsubst %/,%,$(dir $<))
# environment
VSCODE_NLS_CONFIG = {"locale":"zh-cn","availableLanguages":{"*":"zh-cn"},"_languagePackId":"42e84e0914b17800d483f69e299e1b00.zh-cn","_translationsConfigFile":"/home/guang/.config/Code/clp/42e84e0914b17800d483f69e299e1b00.zh-cn/tcf.json","_cacheRoot":"/home/guang/.config/Code/clp/42e84e0914b17800d483f69e299e1b00.zh-cn","_resolvedLanguagePackCoreLocation":"/home/guang/.config/Code/clp/42e84e0914b17800d483f69e299e1b00.zh-cn/c3511e6c69bb39013c4a4b7b9566ec1ca73fc4d5","_corruptedFile":"/home/guang/.config/Code/clp/42e84e0914b17800d483f69e299e1b00.zh-cn/corrupted.info","_languagePackSupport":true}
# default
MAKE_HOST := x86_64-pc-linux-gnu
# makefile (from 'Makefile', line 46)
OBJS = $K/entry.o $K/start.o $K/console.o $K/printf.o $K/uart.o $K/kalloc.o $K/spinlock.o $K/string.o $K/main.o $K/vm.o $K/proc.o $K/swtch.o $K/trampoline.o $K/trap.o $K/syscall.o $K/sysproc.o $K/bio.o $K/fs.o $K/log.o $K/sleeplock.o $K/file.o $K/pipe.o $K/exec.o $K/sysfile.o $K/kernelvec.o $K/plic.o $K/virtio_disk.o $K/stats.o $K/sprintf.o
# environment
GNOME_DESKTOP_SESSION_ID = this-is-deprecated
# makefile (from 'Makefile', line 9)
U = user
# makefile
SHELL = /bin/sh
# default
MAKECMDGOALS := all
# environment
XMODIFIERS = @im=ibus
# environment
GJS_DEBUG_TOPICS = JS ERROR;JS LOG
# environment
SHLVL = 0
# environment
MAKELEVEL := 0
# environment
IM_CONFIG_CHECK_ENV = 1
# makefile (from 'Makefile', line 85)
OBJDUMP = $(TOOLPREFIX)objdump
# default
MAKE = $(MAKE_COMMAND)
# makefile (from 'Makefile', line 222)
UPROGS = $U/_cat $U/_echo $U/_forktest $U/_grep $U/_init $U/_kill $U/_ln $U/_ls $U/_mkdir $U/_rm $U/_sh $U/_stressfs $U/_usertests $U/_grind $U/_wc $U/_zombie  $U/_stats $U/_kalloctest $U/_bcachetest
# environment
PATH = /usr/local/sbin:/usr/local/bin:/usr/sbin:/usr/bin:/sbin:/bin:/usr/games:/usr/local/games:/snap/bin:/snap/bin:/usr/local/go/bin:/usr/local/go/bin
# default
MAKEFILES := 
# environment
LANGUAGE = zh_CN:en
# environment
LC_MONETARY = zh_CN.UTF-8
# automatic
^F = $(notdir $^)
# environment
LC_TIME = zh_CN.UTF-8
# environment
GOROOT = /usr/local/go
# environment
INVOCATION_ID = c1163c500d2947759c1eab5b4b52bb3f
# environment
VSCODE_LOG_NATIVE = false
# environment
USERNAME = guang
# environment
GNOME_SETUP_DISPLAY = :1
# environment
LC_TELEPHONE = zh_CN.UTF-8
# environment
LESSCLOSE = /usr/bin/lesspipe %s %s
# automatic
?F = $(notdir $?)
# environment
XDG_CURRENT_DESKTOP = Unity
# environment
LS_COLORS = 
# automatic
+F = $(notdir $+)
# environment
DESKTOP_SESSION = ubuntu
# environment
ORIGINAL_XDG_CURRENT_DESKTOP = ubuntu:GNOME
# 'override' directive
GNUMAKEFLAGS := 
# environment
LOGNAME = guang
# environment
GIO_LAUNCHED_DESKTOP_FILE = /usr/share/applications/code.desktop
# makefile
.DEFAULT_GOAL := kernel/kernel
# environment
SYSTEMD_EXEC_PID = 1641
# makefile (from 'Makefile', line 79)
QEMU = qemu-system-riscv64
# environment
DISPLAY = :0
# environment
USER = guang
# environment
GTK_MODULES = gail:atk-bridge
# default
MAKE_VERSION := 4.3
# 'override' directive
.SHELLSTATUS := 0
# makefile (from 'Makefile', line 113)
LDFLAGS = -z max-page-size=4096
# environment
MANAGERPID = 1482
# environment
LC_MEASUREMENT = zh_CN.UTF-8
# environment
GIO_LAUNCHED_DESKTOP_FILE_PID = 2967
# environment
_ = /usr/share/code/code
# environment
LC_PAPER = zh_CN.UTF-8
# environment
XDG_RUNTIME_DIR = /run/user/1000
# makefile (from 'Makefile', line 107)
CFLAGS = -Wall -Werror -O -fno-omit-frame-pointer -ggdb $(XCFLAGS) -MD -mcmodel=medany -ffreestanding -fno-common -nostdlib -mno-relax -I. $(shell $(CC) -fno-stack-protector -E -x c /dev/null >/dev/null 2>&1 && echo -fno-stack-protector) -fno-pie -no-pie
# environment
JOURNAL_STREAM = 8:38607
# makefile (from 'Makefile', line 265)
CPUS := 3
# environment
XDG_SESSION_CLASS = user
# environment
VSCODE_AMD_ENTRYPOINT = vs/workbench/api/node/extensionHostProcess
# environment
HOME = /home/guang
# environment
QT_IM_MODULE = ibus
# makefile (from 'Makefile', line 67)
TOOLPREFIX := riscv64-unknown-elf-
# makefile (from 'Makefile', line 308)
GRADEFLAGS = -v
# environment
ELECTRON_RUN_AS_NODE = 1
# environment
VSCODE_IPC_HOOK = /run/user/1000/vscode-6434c185-1.67.2-main.sock
# environment
IM_CONFIG_PHASE = 1
# environment
PAPERSIZE = a4
# default
.RECIPEPREFIX := 
# automatic
<F = $(notdir $<)
# default
SUFFIXES := 
# makefile (from 'Makefile', line 83)
LD = $(TOOLPREFIX)ld
# default
.FEATURES := target-specific order-only second-expansion else-if shortest-stem undefine oneshell nocomment grouped-target extra-prereqs archives jobserver output-sync check-symlink load
# makefile (from 'Makefile', line 275)
QEMUOPTS = -machine virt -bios none -kernel $K/kernel -m 128M -smp $(CPUS) -nographic -drive file=fs.img,if=none,format=raw,id=x0 -device virtio-blk-device,drive=x0,bus=virtio-mmio-bus.0
# makefile (from 'Makefile', line 239)
UEXTRA = 
# makefile (from 'Makefile', line 81)
CC = $(TOOLPREFIX)gcc
# makefile (from 'Makefile', line 84)
OBJCOPY = $(TOOLPREFIX)objcopy
# environment
XDG_MENU_PREFIX = gnome-
# environment
GDMSESSION = ubuntu
# environment
LC_IDENTIFICATION = zh_CN.UTF-8
# variable set hash-table stats:
# Load=139/1024=14%, Rehash=0, Collisions=5/350=1%

# Pattern-specific Variable Values

# No pattern-specific variable values.

# Directories

# kernel (device 2053, inode 798435): 50 files, no impossibilities.
# . (device 2053, inode 155674): 22 files, no impossibilities.
# user (device 2053, inode 798484): 41 files, no impossibilities.

# 113 files, no impossibilities in 3 directories.

# Implicit Rules

_%: %.o user/ulib.o user/usys.o user/printf.o user/umalloc.o user/statistics.o
#  recipe to execute (from 'Makefile', line 136):
	$(LD) $(LDFLAGS) -N -e main -Ttext 0 -o $@ $^
	$(OBJDUMP) -S $@ > $*.asm
	$(OBJDUMP) -t $@ | sed '1,/SYMBOL TABLE/d; s/ .* / /; /^$$/d' > $*.sym

# 1 implicit rules, 0 (0.0%) terminal.
# Files

# Not a target:
kernel/proc.o:
#  Implicit rule search has not been done.
#  Modification time never checked.
#  File has not been updated.

# Not a target:
kernel/log.o:
#  Implicit rule search has not been done.
#  Modification time never checked.
#  File has not been updated.

# Not a target:
kernel/*.d:
#  Implicit rule search has been done.
 
#  File does not exist.
#  File has been updated.
#  Failed to be updated.

# Not a target:
kernel/printf.o:
#  Implicit rule search has not been done.
#  Modification time never checked.
#  File has not been updated.

# Not a target:
kernel/uart.o:
#  Implicit rule search has not been done.
#  Modification time never checked.
#  File has not been updated.

# Not a target:
user/_echo:
#  Implicit rule search has not been done.
#  Modification time never checked.
#  File has not been updated.

# Not a target:
user/_kill:
#  Implicit rule search has not been done.
#  Modification time never checked.
#  File has not been updated.

# Not a target:
kernel/sysfile.o:
#  Implicit rule search has not been done.
#  Modification time never checked.
#  File has not been updated.

# Not a target:
.gdbinit.tmpl-riscv:
#  Implicit rule search has not been done.
#  Modification time never checked.
#  File has not been updated.

# Not a target:
kernel/console.o:
#  Implicit rule search has not been done.
#  Modification time never checked.
#  File has not been updated.

# Not a target:
user/statistics.o:
#  Implicit rule search has not been done.
#  Modification time never checked.
#  File has not been updated.

# Not a target:
user/_stressfs:
#  Implicit rule search has not been done.
#  Modification time never checked.
#  File has not been updated.

# Not a target:
kernel/trap.o:
#  Implicit rule search has not been done.
#  Modification time never checked.
#  File has not been updated.

user/initcode: user/initcode.S
#  Implicit rule search has not been done.
#  Modification time never checked.
#  File has not been updated.
#  recipe to execute (from 'Makefile', line 121):
	$(CC) $(CFLAGS) -march=rv64g -nostdinc -I. -Ikernel -c $U/initcode.S -o $U/initcode.o
	$(LD) $(LDFLAGS) -N -e start -Ttext 0 -o $U/initcode.out $U/initcode.o
	$(OBJCOPY) -S -O binary $U/initcode.out $U/initcode
	$(OBJDUMP) -S $U/initcode.o > $U/initcode.asm

.PRECIOUS: %.o
#  Implicit rule search has not been done.
#  Modification time never checked.
#  File has not been updated.

# Not a target:
_init:
#  Implicit rule search has not been done.
#  Modification time never checked.
#  File has not been updated.

user/usys.S: user/usys.pl
#  Implicit rule search has not been done.
#  Modification time never checked.
#  File has not been updated.
#  recipe to execute (from 'Makefile', line 141):
	perl $U/usys.pl > $U/usys.S

# Not a target:
user/_grep:
#  Implicit rule search has not been done.
#  Modification time never checked.
#  File has not been updated.

# Not a target:
Makefile:
#  Implicit rule search has been done.
#  Last modified 2022-05-22 20:19:09.605732703
#  File has been updated.
#  Successfully updated.

# Not a target:
kernel/vm.o:
#  Implicit rule search has not been done.
#  Modification time never checked.
#  File has not been updated.

fs.img: mkfs/mkfs README user/_cat user/_echo user/_forktest user/_grep user/_init user/_kill user/_ln user/_ls user/_mkdir user/_rm user/_sh user/_stressfs user/_usertests user/_grind user/_wc user/_zombie user/_stats user/_kalloctest user/_bcachetest
#  Implicit rule search has not been done.
#  Modification time never checked.
#  File has not been updated.
#  recipe to execute (from 'Makefile', line 246):
	mkfs/mkfs fs.img README $(UEXTRA) $(UPROGS)

# Not a target:
user/_grind:
#  Implicit rule search has not been done.
#  Modification time never checked.
#  File has not been updated.

print-gdbport:
#  Implicit rule search has not been done.
#  Modification time never checked.
#  File has not been updated.
#  recipe to execute (from 'Makefile', line 312):
	@echo $(GDBPORT)

# Not a target:
kernel/spinlock.o:
#  Implicit rule search has not been done.
#  Modification time never checked.
#  File has not been updated.

clean:
#  Phony target (prerequisite of .PHONY).
#  Implicit rule search has not been done.
#  File does not exist.
#  File has not been updated.
#  recipe to execute (from 'Makefile', line 251):
	rm -f *.tex *.dvi *.idx *.aux *.log *.ind *.ilg \
	*/*.o */*.d */*.asm */*.sym \
	$U/initcode $U/initcode.out $K/kernel fs.img \
	mkfs/mkfs .gdbinit \
        $U/usys.S \
	$(UPROGS)

# Not a target:
user/_zombie:
#  Implicit rule search has not been done.
#  Modification time never checked.
#  File has not been updated.

# Not a target:
kernel/main.o:
#  Implicit rule search has not been done.
#  Modification time never checked.
#  File has not been updated.

# Not a target:
kernel/stats.o:
#  Implicit rule search has not been done.
#  Modification time never checked.
#  File has not been updated.

user/usys.o: user/usys.S
#  Implicit rule search has not been done.
#  Modification time never checked.
#  File has not been updated.
#  recipe to execute (from 'Makefile', line 144):
	$(CC) $(CFLAGS) -c -o $U/usys.o $U/usys.S

handin-check:
#  Phony target (prerequisite of .PHONY).
#  Implicit rule search has not been done.
#  File does not exist.
#  File has not been updated.
#  recipe to execute (from 'Makefile', line 336):
	@if ! test -d .git; then \
		echo No .git directory, is this a git repository?; \
		false; \
	fi
	@if test "$$(git symbolic-ref HEAD)" != refs/heads/$(LAB); then \
		git branch; \
		read -p "You are not on the $(LAB) branch.  Hand-in the current branch? [y/N] " r; \
		test "$$r" = y; \
	fi
	@if ! git diff-files --quiet || ! git diff-index --quiet --cached HEAD; then \
		git status -s; \
		echo; \
		echo "You have uncomitted changes.  Please commit or stash them."; \
		false; \
	fi
	@if test -n "`git status -s`"; then \
		git status -s; \
		read -p "Untracked files will not be handed in.  Continue? [y/N] " r; \
		test "$$r" = y; \
	fi

# Not a target:
kernel/fs.o:
#  Implicit rule search has not been done.
#  Modification time never checked.
#  File has not been updated.

mkfs/mkfs: mkfs/mkfs.c kernel/fs.h kernel/param.h
#  Implicit rule search has not been done.
#  Modification time never checked.
#  File has not been updated.
#  recipe to execute (from 'Makefile', line 153):
	gcc $(XCFLAGS) -Werror -Wall -I. -o mkfs/mkfs mkfs/mkfs.c

grade:
#  Phony target (prerequisite of .PHONY).
#  Implicit rule search has not been done.
#  File does not exist.
#  File has not been updated.
#  recipe to execute (from 'Makefile', line 315):
	@echo $(MAKE) clean
	@$(MAKE) clean || \
          (echo "'make clean' failed.  HINT: Do you have another running instance of xv6?" && exit 1)
	./grade-lab-$(LAB) $(GRADEFLAGS)

# Not a target:
kernel/start.o:
#  Implicit rule search has not been done.
#  Modification time never checked.
#  File has not been updated.

# Not a target:
kernel/virtio_disk.o:
#  Implicit rule search has not been done.
#  Modification time never checked.
#  File has not been updated.

# Not a target:
kernel/plic.o:
#  Implicit rule search has not been done.
#  Modification time never checked.
#  File has not been updated.

# Not a target:
kernel/kernel.ld:
#  Implicit rule search has not been done.
#  Modification time never checked.
#  File has not been updated.

# Not a target:
user/printf.o:
#  Implicit rule search has not been done.
#  Modification time never checked.
#  File has not been updated.

myapi.key:
#  Implicit rule search has not been done.
#  Modification time never checked.
#  File has not been updated.
#  recipe to execute (from 'Makefile', line 372):
	@echo Get an API key for yourself by visiting $(WEBSUB)/
	@read -p "Please enter your API key: " k; \
	if test `echo "$$k" |tr -d '\n' |wc -c` = 32 ; then \
		TF=`mktemp -t tmp.XXXXXX`; \
		if test "x$$TF" != "x" ; then \
			echo "$$k" |tr -d '\n' > $$TF; \
			mv -f $$TF $@; \
		else \
			echo mktemp failed; \
			false; \
		fi; \
	else \
		echo Bad API key: $$k; \
		echo An API key should be 32 characters long.; \
		false; \
	fi;

# Not a target:
kernel/entry.o:
#  Implicit rule search has not been done.
#  Modification time never checked.
#  File has not been updated.

# Not a target:
kernel/pipe.o:
#  Implicit rule search has not been done.
#  Modification time never checked.
#  File has not been updated.

# Not a target:
kernel/param.h:
#  Implicit rule search has not been done.
#  Modification time never checked.
#  File has not been updated.

# Not a target:
user/_ls:
#  Implicit rule search has not been done.
#  Modification time never checked.
#  File has not been updated.

# Not a target:
kernel/kalloc.o:
#  Implicit rule search has not been done.
#  Modification time never checked.
#  File has not been updated.

# Not a target:
user/_usertests:
#  Implicit rule search has not been done.
#  Modification time never checked.
#  File has not been updated.

# Not a target:
kernel/bio.o:
#  Implicit rule search has not been done.
#  Modification time never checked.
#  File has not been updated.

# Not a target:
.DEFAULT:
#  Implicit rule search has not been done.
#  Modification time never checked.
#  File has not been updated.

# Not a target:
kernel/trampoline.o:
#  Implicit rule search has not been done.
 
#  Modification time never checked.
#  File has not been updated.

# Not a target:
user/forktest.o:
#  Implicit rule search has not been done.
#  Modification time never checked.
#  File has not been updated.

# Not a target:
all:
#  Command line target.
#  Implicit rule search has been done.
#  File does not exist.
#  File has not been updated.

# Not a target:
user/usys.pl:
#  Implicit rule search has not been done.
#  Modification time never checked.
#  File has not been updated.

# Not a target:
user/initcode.S:
#  Implicit rule search has not been done.
#  Modification time never checked.
#  File has not been updated.

# Not a target:
user/_stats:
#  Implicit rule search has not been done.
#  Modification time never checked.
#  File has not been updated.

# Not a target:
user/ulib.o:
#  Implicit rule search has not been done.
#  Modification time never checked.
#  File has not been updated.

handin: tarball-pref myapi.key
#  Phony target (prerequisite of .PHONY).
#  Implicit rule search has not been done.
#  File does not exist.
#  File has not been updated.
#  recipe to execute (from 'Makefile', line 328):
	@SUF=$(LAB); \
	curl -f -F file=@lab-$$SUF-handin.tar.gz -F key=\<myapi.key $(WEBSUB)/upload \
	    > /dev/null || { \
		echo ; \
		echo Submit seems to have failed.; \
		echo Please go to $(WEBSUB)/ and upload the tarball manually.; }

# Not a target:
user/_bcachetest:
#  Implicit rule search has not been done.
#  Modification time never checked.
#  File has not been updated.

# Not a target:
kernel/syscall.o:
#  Implicit rule search has not been done.
#  Modification time never checked.
#  File has not been updated.

# Not a target:
kernel/fs.h:
#  Implicit rule search has not been done.
#  Modification time never checked.
#  File has not been updated.

# Not a target:
kernel/exec.o:
#  Implicit rule search has not been done.
#  Modification time never checked.
#  File has not been updated.

# Not a target:
kernel/string.o:
#  Implicit rule search has not been done.
#  Modification time never checked.
#  File has not been updated.

# Not a target:
user/_cat:
#  Implicit rule search has not been done.
#  Modification time never checked.
#  File has not been updated.

# Not a target:
kernel/sleeplock.o:
#  Implicit rule search has not been done.
#  Modification time never checked.
#  File has not been updated.

# Not a target:
mkfs/mkfs.c:
#  Implicit rule search has not been done.
#  Modification time never checked.
#  File has not been updated.

qemu: kernel/kernel fs.img
#  Implicit rule search has not been done.
#  Modification time never checked.
#  File has not been updated.
#  recipe to execute (from 'Makefile', line 283):
	$(QEMU) $(QEMUOPTS)

tarball: handin-check
#  Phony target (prerequisite of .PHONY).
#  Implicit rule search has not been done.
#  File does not exist.
#  File has not been updated.
#  recipe to execute (from 'Makefile', line 360):
	git archive --format=tar HEAD | gzip > lab-$(LAB)-handin.tar.gz

# Not a target:
user/_wc:
#  Implicit rule search has not been done.
#  Modification time never checked.
#  File has not been updated.

# Not a target:
%.o:
#  Precious file (prerequisite of .PRECIOUS).
#  Implicit rule search has not been done.
#  Modification time never checked.
#  File has not been updated.

# Not a target:
kernel/sprintf.o:
#  Implicit rule search has not been done.
#  Modification time never checked.
#  File has not been updated.

# Not a target:
kernel/kernelvec.o:
#  Implicit rule search has not been done.
#  Modification time never checked.
#  File has not been updated.

# Not a target:
user/_rm:
#  Implicit rule search has not been done.
#  Modification time never checked.
#  File has not been updated.

# Not a target:
conf/lab.mk:
#  Implicit rule search has been done.
#  Last modified 2022-05-25 13:20:44.513243585
#  File has been updated.
#  Successfully updated.

# Not a target:
user/_sh:
#  Implicit rule search has not been done.
#  Modification time never checked.
#  File has not been updated.

kernel/kernel: kernel/entry.o kernel/start.o kernel/console.o kernel/printf.o kernel/uart.o kernel/kalloc.o kernel/spinlock.o kernel/string.o kernel/main.o kernel/vm.o kernel/proc.o kernel/swtch.o kernel/trampoline.o kernel/trap.o kernel/syscall.o kernel/sysproc.o kernel/bio.o kernel/fs.o kernel/log.o kernel/sleeplock.o kernel/file.o kernel/pipe.o kernel/exec.o kernel/sysfile.o kernel/kernelvec.o kernel/plic.o kernel/virtio_disk.o kernel/stats.o kernel/sprintf.o kernel/kernel.ld user/initcode
#  Implicit rule search has not been done.
#  Modification time never checked.
#  File has not been updated.
#  recipe to execute (from 'Makefile', line 116):
	$(LD) $(LDFLAGS) -T $K/kernel.ld -o $K/kernel $(OBJS) 
	$(OBJDUMP) -S $K/kernel > $K/kernel.asm
	$(OBJDUMP) -t $K/kernel | sed '1,/SYMBOL TABLE/d; s/ .* / /; /^$$/d' > $K/kernel.sym

# Not a target:
user/umalloc.o:
#  Implicit rule search has not been done.
#  Modification time never checked.
#  File has not been updated.

qemu-gdb: kernel/kernel .gdbinit fs.img
#  Implicit rule search has not been done.
#  Modification time never checked.
#  File has not been updated.
#  recipe to execute (from 'Makefile', line 289):
	@echo "*** Now run 'gdb' in another window." 1>&2
	$(QEMU) $(QEMUOPTS) -S $(QEMUGDB)

# Not a target:
user/_kalloctest:
#  Implicit rule search has not been done.
#  Modification time never checked.
#  File has not been updated.

# Not a target:
user/_ln:
#  Implicit rule search has not been done.
#  Modification time never checked.
#  File has not been updated.

# Not a target:
user/_mkdir:
#  Implicit rule search has not been done.
#  Modification time never checked.
#  File has not been updated.

# Not a target:
user/_init:
#  Implicit rule search has not been done.
#  Modification time never checked.
#  File has not been updated.

 
.PHONY: handin tarball tarball-pref clean grade handin-check
#  Implicit rule search has not been done.
#  Modification time never checked.
#  File has not been updated.

# Not a target:
README:
#  Implicit rule search has not been done.
#  Modification time never checked.
#  File has not been updated.

tarball-pref: handin-check
#  Phony target (prerequisite of .PHONY).
#  Implicit rule search has not been done.
#  File does not exist.
#  File has not been updated.
#  recipe to execute (from 'Makefile', line 363):
	@SUF=$(LAB); \
	git archive --format=tar HEAD > lab-$$SUF-handin.tar; \
	git diff $(UPSTREAM)/$(LAB) > /tmp/lab-$$SUF-diff.patch; \
	tar -rf lab-$$SUF-handin.tar /tmp/lab-$$SUF-diff.patch; \
	gzip -c lab-$$SUF-handin.tar > lab-$$SUF-handin.tar.gz; \
	rm lab-$$SUF-handin.tar; \
	rm /tmp/lab-$$SUF-diff.patch; \


user/_forktest: user/forktest.o user/ulib.o user/usys.o user/printf.o user/umalloc.o user/statistics.o
#  Implicit rule search has not been done.
#  Modification time never checked.
#  File has not been updated.
#  recipe to execute (from 'Makefile', line 147):
	# forktest has less library code linked in - needs to be small
	# in order to be able to max out the proc table.
	$(LD) $(LDFLAGS) -N -e main -Ttext 0 -o $U/_forktest $U/forktest.o $U/ulib.o $U/usys.o
	$(OBJDUMP) -S $U/_forktest > $U/forktest.asm

tags: kernel/entry.o kernel/start.o kernel/console.o kernel/printf.o kernel/uart.o kernel/kalloc.o kernel/spinlock.o kernel/string.o kernel/main.o kernel/vm.o kernel/proc.o kernel/swtch.o kernel/trampoline.o kernel/trap.o kernel/syscall.o kernel/sysproc.o kernel/bio.o kernel/fs.o kernel/log.o kernel/sleeplock.o kernel/file.o kernel/pipe.o kernel/exec.o kernel/sysfile.o kernel/kernelvec.o kernel/plic.o kernel/virtio_disk.o kernel/stats.o kernel/sprintf.o _init
#  Implicit rule search has not been done.
#  Modification time never checked.
#  File has not been updated.
#  recipe to execute (from 'Makefile', line 127):
	etags *.S *.c

# Not a target:
kernel/sysproc.o:
#  Implicit rule search has not been done.
#  Modification time never checked.
#  File has not been updated.

# Not a target:
kernel/swtch.o:
#  Implicit rule search has not been done.
#  Modification time never checked.
#  File has not been updated.

.gdbinit: .gdbinit.tmpl-riscv
#  Implicit rule search has not been done.
#  Modification time never checked.
#  File has not been updated.
#  recipe to execute (from 'Makefile', line 286):
	sed "s/:1234/:$(GDBPORT)/" < $^ > $@

# Not a target:
user/*.d:
#  Implicit rule search has been done.
#  File does not exist.
#  File has been updated.
#  Failed to be updated.

# Not a target:
kernel/file.o:
#  Implicit rule search has not been done.
#  Modification time never checked.
#  File has not been updated.

# files hash-table stats:
# Load=90/1024=9%, Rehash=0, Collisions=10/217=5%
# VPATH Search Paths

# No 'vpath' search paths.

# No general ('VPATH' variable) search path.

# strcache buffers: 1 (0) / strings = 197 / storage = 2039 B / avg = 10 B
# current buf: size = 8162 B / used = 2039 B / count = 197 / avg = 10 B

# strcache performance: lookups = 290 / hit rate = 32%
# hash-table stats:
# Load=197/8192=2%, Rehash=0, Collisions=0/290=0%
# Finished Make data base on Wed May 25 16:49:24 2022

 
